INFO:worker_id;data_area_id;gl_document;gl_line_number;gl_records_number
INFO:2;1000;100000022993;20000026;3;2
INFO:3;1000;100000022993;20000026;4;2
INFO:1;1000;100000022993;20000011;2;2
INFO:8;1000;100000022993;20000056;9;2
INFO:11;1000;100000022993;20000204;12;2
INFO:5;1000;100000022993;20000035;6;2
INFO:4;1000;100000022993;20000035;5;2
INFO:7;1000;100000022993;20000038;8;2
INFO:6;1000;100000022993;20000038;7;2
INFO:10;1000;100000022993;20000204;11;2
INFO:0;1000;100000022993;20000011;1;2
INFO:9;1000;100000022993;20000056;10;2
INFO:16;1000;100000022993;1734747;17;2
INFO:15;1000;100000022993;1710711;16;2
INFO:14;1000;100000022993;1710711;15;2
INFO:13;1000;100000022993;20000322;14;2
INFO:12;1000;100000022993;20000322;13;2
INFO:18;1000;100000022993;1735328;19;2
INFO:22;1000;100000022993;1737382;23;2
INFO:19;1000;100000022993;1735328;20;2
INFO:21;1000;100000022993;1735665;22;2
INFO:23;1000;100000022993;1737382;24;2
INFO:17;1000;100000022993;1734747;18;2
INFO:20;1000;100000022993;1735665;21;2
INFO:24;1000;100000022993;1737500;25;2
INFO:25;1000;100000022993;1737500;26;2
INFO:26;1000;100000022993;1737567;27;2
INFO:27;1000;100000022993;1737567;28;2
INFO:28;1000;100000022993;1737947;29;2
INFO:29;1000;100000022993;1737947;30;2
INFO:30;1000;100000022993;1737966;31;2
INFO:32;1000;100000022993;1738646;33;2
INFO:31;1000;100000022993;1737966;32;2
INFO:33;1000;100000022993;1738646;34;2
INFO:35;1000;100000022993;1738873;36;2
INFO:34;1000;100000022993;1738873;35;2
INFO:36;1000;100000022993;1739205;37;2
INFO:37;1000;100000022993;1739205;38;2
INFO:40;1000;100000022993;3117301;41;2
INFO:38;1000;100000022993;3116775;39;2
INFO:41;1000;100000022993;3117301;42;2
INFO:39;1000;100000022993;3116775;40;2
INFO:44;1000;100000022993;87804724;45;2
INFO:43;1000;100000022993;5962261;44;2
INFO:42;1000;100000022993;5962261;43;2
INFO:45;1000;100000022993;87804724;46;2
INFO:46;1000;100000022993;90020669;47;2
INFO:47;1000;100000022993;90020669;48;2
INFO:48;1000;100000022993;1701711;49;2
INFO:52;1000;100000022993;1707512;53;2
INFO:54;1000;100000022993;1711239;55;2
INFO:51;1000;100000022993;1705784;52;2
INFO:50;1000;100000022993;1705784;51;2
INFO:55;1000;100000022993;1711239;56;2
INFO:53;1000;100000022993;1707512;54;2
INFO:56;1000;100000022993;1719103;57;2
INFO:57;1000;100000022993;1719103;58;2
INFO:49;1000;100000022993;1701711;50;2
INFO:60;1000;100000022993;1728980;61;2
INFO:59;1000;100000022993;1724882;60;2
INFO:58;1000;100000022993;1724882;59;2
INFO:63;1000;100000022993;1728997;64;2
INFO:61;1000;100000022993;1728980;62;2
INFO:65;1000;100000022993;1730659;66;2
INFO:64;1000;100000022993;1730659;65;2
INFO:68;1000;100000022993;1734233;69;2
INFO:67;1000;100000022993;1731254;68;2
INFO:62;1000;100000022993;1728997;63;2
INFO:66;1000;100000022993;1731254;67;2
INFO:69;1000;100000022993;1734233;70;2
INFO:70;1000;100000022993;87804585;71;2
INFO:72;1000;100000022993;1705049;73;2
INFO:71;1000;100000022993;87804585;72;2
INFO:75;1000;100000022993;1712191;76;2
INFO:74;1000;100000022993;1712191;75;2
INFO:73;1000;100000022993;1705049;74;2
INFO:80;1000;100000022993;1719673;81;2
INFO:76;1000;100000022993;1718041;77;2
INFO:81;1000;100000022993;1719673;82;2
INFO:77;1000;100000022993;1718041;78;2
INFO:79;1000;100000022993;1718180;80;2
INFO:78;1000;100000022993;1718180;79;2
INFO:83;1000;100000022993;1719720;84;2
INFO:82;1000;100000022993;1719720;83;2
INFO:84;1000;100000022993;1721041;85;2
INFO:89;1000;100000022993;1722327;90;2
INFO:86;1000;100000022993;1721204;87;2
INFO:85;1000;100000022993;1721041;86;2
INFO:91;1000;100000022993;1722684;92;2
INFO:92;1000;100000022993;1722746;93;2
INFO:90;1000;100000022993;1722684;91;2
INFO:87;1000;100000022993;1721204;88;2
INFO:88;1000;100000022993;1722327;89;2
INFO:93;1000;100000022993;1722746;94;2
INFO:94;1000;100000022993;1723962;95;2
INFO:95;1000;100000022993;1723962;96;2
INFO:96;1000;100000022993;1727202;97;2
INFO:3;1000;100000022993;1729674;102;2
INFO:99;1000;100000022993;1729508;100;2
INFO:97;1000;100000022993;1727202;98;2
INFO:2;1000;100000022993;1729674;101;2
INFO:1;1000;100000022993;1735296;103;2
INFO:98;1000;100000022993;1729508;99;2
INFO:8;1000;100000022993;1735296;104;2
INFO:11;1000;100000022993;1735326;105;2
INFO:5;1000;100000022993;1735326;106;2
INFO:4;1000;100000022993;1735479;107;2
INFO:7;1000;100000022993;1735479;108;2
INFO:6;1000;100000022993;1736546;109;2
INFO:15;1000;100000022993;1737358;114;2
INFO:9;1000;100000022993;1736955;112;2
INFO:0;1000;100000022993;1736955;111;3
INFO:14;1000;100000022993;1737663;115;2
INFO:16;1000;100000022993;1737358;113;2
INFO:12;1000;100000022993;1738094;117;2
INFO:13;1000;100000022993;1737663;116;2
INFO:10;1000;100000022993;1736546;110;2
INFO:18;1000;100000022993;1738094;118;2
INFO:19;1000;100000022993;1738298;120;2
INFO:21;1000;100000022993;1738383;121;2
INFO:22;1000;100000022993;1738298;119;2
INFO:20;1000;100000022993;1738401;124;2
INFO:17;1000;100000022993;1738401;123;2
INFO:24;1000;100000022993;1738406;125;2
INFO:27;1000;100000022993;1738597;128;2
INFO:26;1000;100000022993;1738597;127;2
INFO:25;1000;100000022993;1738406;126;2
INFO:28;1000;100000022993;1738743;129;2
INFO:23;1000;100000022993;1738383;122;2
INFO:29;1000;100000022993;1738743;130;2
INFO:31;1000;100000022993;1738863;133;3
INFO:32;1000;100000022993;1738746;132;2
INFO:30;1000;100000022993;1738746;131;2
INFO:33;1000;100000022993;1738863;134;3
INFO:34;1000;100000022993;1738981;136;2
INFO:35;1000;100000022993;1738981;135;2
INFO:40;1000;100000022993;1739173;139;2
INFO:36;1000;100000022993;1739148;137;2
INFO:37;1000;100000022993;1739148;138;2
INFO:38;1000;100000022993;1739173;140;2
INFO:41;1000;100000022993;1739491;141;2
INFO:44;1000;100000022993;1739503;143;2
INFO:39;1000;100000022993;1739491;142;2
INFO:43;1000;100000022993;1739503;144;2
INFO:42;1000;100000022993;1739542;145;2
INFO:45;1000;100000022993;1739542;146;2
INFO:52;1000;100000022993;1739863;150;2
INFO:46;1000;100000022993;1739578;147;2
INFO:48;1000;100000022993;1739863;149;2
INFO:54;1000;100000022993;1739896;151;2
INFO:47;1000;100000022993;1739578;148;2
INFO:50;1000;100000022993;1739932;153;2
INFO:51;1000;100000022993;1739896;152;2
INFO:56;1000;100000022993;1739997;156;2
INFO:53;1000;100000022993;1739997;155;2
INFO:55;1000;100000022993;1739932;154;2
INFO:49;1000;100000022993;1740021;158;2
INFO:60;1000;100000022993;3111511;159;2
INFO:58;1000;100000022993;3111923;161;2
INFO:63;1000;100000022993;3111923;162;2
INFO:59;1000;100000022993;3111511;160;2
INFO:61;1000;100000022993;3112016;163;2
INFO:65;1000;100000022993;3112016;164;2
INFO:57;1000;100000022993;1740021;157;2
INFO:68;1000;100000022993;3112097;166;2
INFO:64;1000;100000022993;3112097;165;2
INFO:67;1000;100000022993;3112120;167;2
INFO:62;1000;100000022993;3112120;168;2
INFO:66;1000;100000022993;3112385;169;2
INFO:69;1000;100000022993;3112385;170;2
INFO:72;1000;100000022993;3112389;172;2
INFO:71;1000;100000022993;3112832;173;2
INFO:70;1000;100000022993;3112389;171;2
INFO:75;1000;100000022993;3112832;174;2
INFO:73;1000;100000022993;3113057;176;2
INFO:74;1000;100000022993;3113057;175;2
INFO:80;1000;100000022993;3115146;177;2
INFO:76;1000;100000022993;3115146;178;2
INFO:81;1000;100000022993;3115296;179;2
INFO:77;1000;100000022993;3115296;180;2
INFO:79;1000;100000022993;3115547;181;2
INFO:83;1000;100000022993;3115638;183;2
INFO:82;1000;100000022993;3115638;184;2
INFO:78;1000;100000022993;3115547;182;2
INFO:84;1000;100000022993;3115718;185;2
INFO:89;1000;100000022993;3115718;186;2
INFO:86;1000;100000022993;3115923;187;2
INFO:85;1000;100000022993;3115923;188;2
INFO:92;1000;100000022993;3116002;190;2
INFO:91;1000;100000022993;3116002;189;2
INFO:87;1000;100000022993;3116006;192;2
INFO:90;1000;100000022993;3116006;191;2
INFO:88;1000;100000022993;3116184;193;2
INFO:94;1000;100000022993;3116253;195;2
INFO:95;1000;100000022993;3116253;196;2
INFO:93;1000;100000022993;3116184;194;2
INFO:96;1000;100000022993;3116441;197;2
INFO:3;1000;100000022993;3116441;198;2
INFO:99;1000;100000022993;3116653;199;2
INFO:97;1000;100000022993;3116653;200;2
INFO:1;1000;100000022993;3118206;202;2
INFO:2;1000;100000022993;3118206;201;2
INFO:98;1000;100000022993;3118223;203;2
INFO:8;1000;100000022993;3118223;204;2
INFO:11;1000;100000022993;3118390;205;2
INFO:7;1000;100000022993;3118398;208;2
INFO:5;1000;100000022993;3118390;206;2
INFO:6;1000;100000022993;3118433;209;2
INFO:4;1000;100000022993;3118398;207;2
INFO:15;1000;100000022993;3118433;210;2
INFO:9;1000;100000022993;4125411;211;2
INFO:0;1000;100000022993;4125411;212;2
INFO:14;1000;100000022993;4125484;213;2
INFO:16;1000;100000022993;4125484;214;2
INFO:12;1000;100000022993;4127992;215;2
INFO:13;1000;100000022993;4127992;216;2
INFO:10;1000;100000022993;4128765;217;2
INFO:18;1000;100000022993;4128765;218;2
INFO:19;1000;100000022993;4128849;219;2
INFO:21;1000;100000022993;4128849;220;2
INFO:20;1000;100000022993;4129026;222;2
INFO:22;1000;100000022993;4129026;221;2
INFO:17;1000;100000022993;4129097;223;2
INFO:24;1000;100000022993;4129097;224;2
INFO:26;1000;100000022993;4130569;226;2
INFO:27;1000;100000022993;4130569;225;2
INFO:25;1000;100000022993;4130656;227;2
INFO:28;1000;100000022993;4130656;228;2
INFO:23;1000;100000022993;4132438;229;2
INFO:31;1000;100000022993;4132683;231;2
INFO:32;1000;100000022993;4132683;232;2
INFO:29;1000;100000022993;4132438;230;2
INFO:30;1000;100000022993;4132872;233;2
INFO:33;1000;100000022993;4132872;234;2
INFO:34;1000;100000022993;4132891;235;2
INFO:35;1000;100000022993;4132891;236;2
INFO:36;1000;100000022993;4133048;238;2
INFO:40;1000;100000022993;4133048;237;2
INFO:37;1000;100000022993;4133093;239;2
INFO:38;1000;100000022993;4133093;240;2
INFO:44;1000;100000022993;20000599;242;2
INFO:39;1000;100000022993;5956321;243;2
INFO:43;1000;100000022993;5956321;244;2
INFO:42;1000;100000022993;5956488;245;2
INFO:45;1000;100000022993;5956488;246;2
INFO:52;1000;100000022993;5956558;247;2
INFO:41;1000;100000022993;20000599;241;2
INFO:46;1000;100000022993;5956558;248;2
INFO:54;1000;100000022993;5957373;250;2
INFO:48;1000;100000022993;5957373;249;2
INFO:47;1000;100000022993;5957613;251;2
INFO:50;1000;100000022993;5957613;252;2
INFO:51;1000;100000022993;5957780;253;2
INFO:56;1000;100000022993;5957780;254;2
INFO:53;1000;100000022993;5957802;255;2
INFO:55;1000;100000022993;5957802;256;2
INFO:60;1000;100000022993;5958070;258;2
INFO:49;1000;100000022993;5958070;257;2
INFO:63;1000;100000022993;5958491;260;3
INFO:58;1000;100000022993;5958491;259;3
INFO:59;1000;100000022993;5958694;261;2
INFO:61;1000;100000022993;5958694;262;2
INFO:65;1000;100000022993;5958968;263;2
INFO:64;1000;100000022993;5959961;266;2
INFO:68;1000;100000022993;5959961;265;2
INFO:57;1000;100000022993;5958968;264;2
INFO:67;1000;100000022993;5960029;267;2
INFO:62;1000;100000022993;5960029;268;2
INFO:69;1000;100000022993;5961438;270;2
INFO:66;1000;100000022993;5961438;269;2
INFO:72;1000;100000022993;5961523;271;2
INFO:71;1000;100000022993;5961523;272;2
INFO:70;1000;100000022993;5963652;273;2
INFO:75;1000;100000022993;5963652;274;2
INFO:73;1000;100000022993;5963803;275;2
INFO:74;1000;100000022993;5963803;276;2
INFO:80;1000;100000022993;5963839;277;2
INFO:76;1000;100000022993;5963839;278;2
INFO:77;1000;100000022993;20000525;280;2
INFO:81;1000;100000022993;20000525;279;2
INFO:79;1000;100000022993;87797702;281;2
INFO:83;1000;100000022993;87797702;282;2
INFO:82;1000;100000022993;87798700;283;2
INFO:78;1000;100000022993;87798700;284;2
INFO:84;1000;100000022993;87798756;285;2
INFO:89;1000;100000022993;87798756;286;2
INFO:92;1000;100000022993;87799005;289;2
INFO:85;1000;100000022993;87798764;288;2
INFO:86;1000;100000022993;87798764;287;2
INFO:87;1000;100000022993;87799237;291;2
INFO:91;1000;100000022993;87799005;290;2
INFO:90;1000;100000022993;87799237;292;2
INFO:88;1000;100000022993;87799261;293;2
INFO:94;1000;100000022993;87799261;294;2
INFO:95;1000;100000022993;87799561;295;2
INFO:93;1000;100000022993;87799561;296;2
INFO:96;1000;100000022993;87799975;297;2
INFO:1;1000;100000022993;87800382;301;2
INFO:3;1000;100000022993;87799975;298;2
INFO:98;1000;100000022993;87803193;303;2
INFO:97;1000;100000022993;87800084;300;2
INFO:2;1000;100000022993;87800382;302;2
INFO:8;1000;100000022993;87803193;304;2
INFO:99;1000;100000022993;87800084;299;2
INFO:5;1000;100000022993;90015928;307;2
INFO:6;1000;100000022993;90015928;308;2
INFO:11;1000;100000022993;87806375;305;2
INFO:7;1000;100000022993;87806375;306;2
INFO:9;1000;100000022993;90017119;311;2
INFO:15;1000;100000022993;90016464;310;2
INFO:14;1000;100000022993;90017283;313;2
INFO:0;1000;100000022993;90017119;312;2
INFO:4;1000;100000022993;90016464;309;2
INFO:16;1000;100000022993;90017283;314;2
INFO:12;1000;100000022993;90017361;315;2
INFO:13;1000;100000022993;90017361;316;2
INFO:10;1000;100000022993;90017744;317;2
INFO:19;1000;100000022993;90017965;319;2
INFO:18;1000;100000022993;90017744;318;2
INFO:21;1000;100000022993;90017965;320;2
INFO:17;1000;100000022993;90020993;323;2
INFO:22;1000;100000022993;90020850;322;2
INFO:26;1000;100000022993;1740062;325;2
INFO:24;1000;100000022993;90020993;324;2
INFO:27;1000;100000022993;1740062;326;2
INFO:20;1000;100000022993;90020850;321;2
INFO:25;1000;100000022993;3118350;327;2
INFO:28;1000;100000022993;3118350;328;2
INFO:29;1000;100000022993;5963771;332;2
INFO:31;1000;100000022993;4133009;330;2
INFO:23;1000;100000022993;4133009;329;2
INFO:32;1000;100000022993;5963771;331;2
INFO:30;1000;100000022993;90020958;333;2
INFO:33;1000;100000022993;90020958;334;2
INFO:35;1000;100000022999;10000001198;2;2
INFO:40;1000;100000022999;10000001199;4;2
INFO:36;1000;100000022999;10000001199;3;2
INFO:34;1000;100000022999;10000001198;1;3
INFO:37;1000;100000022999;10000001220;5;2
INFO:38;1000;100000022999;10000001220;6;2
INFO:44;1000;100000022999;10000001221;7;2
INFO:39;1000;100000022999;10000001221;8;2
INFO:43;1002;100200005510;85422310;1;2
INFO:42;1002;100200005510;85422310;2;2
INFO:45;1002;100200005510;85444710;3;2
INFO:52;1002;100200005510;85444710;4;2
INFO:41;1002;100200005510;85444710;5;2
INFO:48;1002;100200005510;85453739;8;2
INFO:54;1002;100200005510;85453739;7;2
INFO:47;1002;100200005510;85454488;9;2
INFO:46;1002;100200005510;85444710;6;2
INFO:50;1002;100200005510;85454488;10;2
INFO:51;1002;100200005510;85454502;11;2
INFO:56;1002;100200005510;85454502;12;2
INFO:53;1002;100200005510;85454799;13;2
INFO:55;1002;100200005510;85454799;14;2
INFO:60;1002;100200005510;85455351;15;2
INFO:49;1002;100200005510;85455351;16;2
INFO:63;1002;100200005510;85455369;17;2
INFO:58;1002;100200005510;85455369;18;2
INFO:59;1002;100200005510;85456082;19;2
INFO:61;1002;100200005510;85456082;20;2
INFO:65;1002;100200005510;85418532;21;2
INFO:64;1002;100200005510;85418532;22;2
INFO:68;1002;100200005510;85422310;23;2
INFO:57;1002;100200005510;85422310;24;2
INFO:67;1002;100200005510;85429828;25;2
INFO:69;1002;100200005510;85437315;27;2
INFO:62;1002;100200005510;85429828;26;2
INFO:66;1002;100200005510;85437315;28;2
INFO:72;1002;100200005510;85441027;29;2
INFO:70;1002;100200005510;85440586;31;2
INFO:75;1002;100200005510;85440586;32;2
INFO:71;1002;100200005510;85441027;30;2
INFO:73;1002;100200005510;85447965;33;2
INFO:74;1002;100200005510;85447965;34;2
INFO:80;1002;100200005510;85450822;35;2
INFO:77;1002;100200005510;60044297;37;2
INFO:76;1002;100200005510;85450822;36;2
INFO:81;1002;100200005510;60044297;38;2
INFO:79;1002;100200005510;85442497;39;2
INFO:82;1002;100200005510;85443302;41;2
INFO:83;1002;100200005510;85442497;40;2
INFO:78;1002;100200005510;85443302;42;2
INFO:84;1002;100200005510;85444103;43;2
INFO:89;1002;100200005510;85444103;44;2
INFO:92;1002;100200005510;85444782;45;2
INFO:85;1002;100200005510;85444782;46;2
INFO:86;1002;100200005510;85445112;47;2
INFO:91;1002;100200005510;85448394;49;2
INFO:87;1002;100200005510;85445112;48;2
INFO:94;1002;100200005510;85451482;52;2
INFO:95;1002;100200005510;85452670;53;2
INFO:93;1002;100200005510;85452670;54;2
INFO:96;1002;100200005510;85452684;55;2
INFO:1;1002;100200005510;85452684;56;2
INFO:3;1002;100200005510;85453198;57;2
INFO:98;1002;100200005510;85453198;58;2
INFO:97;1002;100200005510;85453576;59;2
INFO:90;1002;100200005510;85448394;50;2
INFO:8;1002;100200005510;85453644;61;2
INFO:2;1002;100200005510;85453576;60;3
INFO:88;1002;100200005510;85451482;51;2
INFO:99;1002;100200005510;85453644;62;2
INFO:6;1002;100200005510;85453900;64;2
INFO:5;1002;100200005510;85453900;63;2
INFO:11;1002;100200005510;85453930;65;2
INFO:7;1002;100200005510;85453930;66;2
INFO:9;1002;100200005510;85454365;67;2
INFO:14;1002;100200005510;85454416;69;2
INFO:15;1002;100200005510;85454365;68;2
INFO:0;1002;100200005510;85454416;70;2
INFO:16;1002;100200005510;85454524;72;2
INFO:12;1002;100200005510;85454609;73;2
INFO:4;1002;100200005510;85454524;71;2
INFO:13;1002;100200005510;85454609;74;2
INFO:10;1002;100200005510;85454674;75;2
INFO:18;1002;100200005510;85454809;77;2
INFO:19;1002;100200005510;85454674;76;2
INFO:21;1002;100200005510;85454809;78;2
INFO:17;1002;100200005510;85454908;79;2
INFO:26;1002;100200005510;85455082;81;2
INFO:22;1002;100200005510;85454908;80;2
INFO:24;1002;100200005510;85455082;82;2
INFO:27;1002;100200005510;85455115;83;2
INFO:25;1002;100200005510;85455122;85;2
INFO:20;1002;100200005510;85455115;84;2
INFO:28;1002;100200005510;85455122;86;2
INFO:31;1002;100200005510;85455136;88;2
INFO:29;1002;100200005510;85455136;87;2
INFO:23;1002;100200005510;85455140;89;2
INFO:32;1002;100200005510;85455140;90;2
INFO:30;1002;100200005510;85455207;91;2
INFO:33;1002;100200005510;85455207;92;2
INFO:35;1002;100200005510;85455270;93;2
INFO:36;1002;100200005510;85455371;95;2
INFO:34;1002;100200005510;85455371;96;2
INFO:40;1002;100200005510;85455270;94;2
INFO:37;1002;100200005510;85455372;97;2
INFO:38;1002;100200005510;85455372;98;2
INFO:44;1002;100200005510;85455420;99;2
INFO:42;1002;100200005510;85455427;102;2
INFO:43;1002;100200005510;85455427;101;2
INFO:39;1002;100200005510;85455420;100;2
INFO:52;1002;100200005510;85455457;104;2
INFO:45;1002;100200005510;85455457;103;2
INFO:41;1002;100200005510;85455479;105;2
INFO:54;1002;100200005510;85455535;107;2
INFO:48;1002;100200005510;85455479;106;2
INFO:46;1002;100200005510;85455547;109;2
INFO:47;1002;100200005510;85455535;108;2
INFO:56;1002;100200005510;85455673;112;2
INFO:50;1002;100200005510;85455547;110;2
INFO:51;1002;100200005510;85455673;111;2
INFO:53;1002;100200005510;85455723;113;2
INFO:55;1002;100200005510;85455723;114;2
INFO:60;1002;100200005510;85455763;115;2
INFO:49;1002;100200005510;85455763;116;2
INFO:63;1002;100200005510;85455811;117;2
INFO:59;1002;100200005510;85455859;119;2
INFO:58;1002;100200005510;85455811;118;2
INFO:61;1002;100200005510;85455859;120;2
INFO:65;1002;100200005510;85455862;121;2
INFO:68;1002;100200005510;85455902;123;2
INFO:67;1002;100200005510;85455930;125;2
INFO:57;1002;100200005510;85455902;124;2
INFO:69;1002;100200005510;85455930;126;2
INFO:62;1002;100200005510;85455945;127;2
INFO:64;1002;100200005510;85455862;122;2
INFO:66;1002;100200005510;85455945;128;2
INFO:72;1002;100200005510;85455955;129;2
INFO:75;1002;100200005510;85455978;131;2
INFO:70;1002;100200005510;85455955;130;2
INFO:73;1002;100200005510;85456015;133;2
INFO:71;1002;100200005510;85455978;132;2
INFO:74;1002;100200005510;85456015;134;2
INFO:77;1002;100200005510;85456042;136;2
INFO:80;1002;100200005510;85456042;135;2
INFO:76;1002;100200005510;85456062;137;2
INFO:79;1002;100200005510;85456133;139;2
INFO:81;1002;100200005510;85456062;138;2
INFO:82;1002;100200005510;85456133;140;2
INFO:83;1002;100200005510;85456136;141;2
INFO:78;1002;100200005510;85456136;142;2
INFO:89;1002;100200005510;85456139;144;2
INFO:84;1002;100200005510;85456139;143;2
INFO:85;1002;100200005510;85456171;146;2
INFO:92;1002;100200005510;85456171;145;2
INFO:86;1002;100200005510;85456192;147;2
INFO:87;1002;100200005510;85456193;149;2
INFO:95;1002;100200005510;85456270;151;2
INFO:91;1002;100200005510;85456192;148;2
INFO:94;1002;100200005510;85456193;150;2
INFO:93;1002;100200005510;85456270;152;2
INFO:96;1002;100200005510;85456280;153;2
INFO:1;1002;100200005510;85456280;154;2
INFO:3;1002;100200005510;85456285;155;2
INFO:98;1002;100200005510;85456285;156;2
INFO:97;1002;100200005510;85456288;157;2
INFO:90;1002;100200005510;85456288;158;2
INFO:2;1002;100200005510;85456310;160;2
INFO:88;1002;100200005510;85444326;161;2
INFO:8;1002;100200005510;85456310;159;2
INFO:99;1002;100200005510;85444326;162;2
INFO:6;1002;100200005510;85452673;163;2
INFO:5;1002;100200005510;85452673;164;2
INFO:11;1002;100200005510;85452678;165;2
INFO:7;1002;100200005510;85452678;166;2
INFO:9;1002;100200005510;85453998;167;2
INFO:14;1002;100200005510;85453998;168;2
INFO:15;1002;100200005510;85454394;169;2
INFO:0;1002;100200005510;85454394;170;2
INFO:12;1002;100200005510;85454475;172;2
INFO:16;1002;100200005510;85454475;171;2
INFO:4;1002;100200005510;85454540;173;2
INFO:10;1002;100200005510;85454810;175;2
INFO:13;1002;100200005510;85454540;174;2
INFO:18;1002;100200005510;85454810;176;2
INFO:19;1002;100200005510;85454829;177;2
INFO:21;1002;100200005510;85454829;178;2
INFO:17;1002;100200005510;85455141;179;2
INFO:26;1002;100200005510;85455141;180;2
INFO:24;1002;100200005510;85455359;182;2
INFO:22;1002;100200005510;85455359;181;2
INFO:27;1002;100200005510;85455437;183;2
INFO:25;1002;100200005510;85455437;184;2
INFO:20;1002;100200005510;85455693;185;2
INFO:28;1002;100200005510;85455693;186;2
INFO:31;1002;100200005510;85455712;187;2
INFO:32;1002;100200005510;85455901;190;2
INFO:23;1002;100200005510;85455901;189;2
INFO:29;1002;100200005510;85455712;188;2
INFO:33;1002;100200005510;85455903;192;2
INFO:30;1002;100200005510;85455903;191;2
INFO:36;1002;100200005510;85456061;194;2
INFO:34;1002;100200005510;85456215;195;2
INFO:35;1002;100200005510;85456061;193;2
INFO:38;1002;100200005510;85456252;198;2
INFO:40;1002;100200005510;85456215;196;2
INFO:37;1002;100200005510;85456252;197;2
INFO:39;1002;100200005541;10020000106;2;2
INFO:43;1002;100200005541;10020000106;1;3
INFO:52;1002;100200005541;10020000112;3;2
INFO:45;1002;100200005541;10020000112;4;2
INFO:41;1002;100200005541;10020000113;5;2
INFO:54;1002;100200005541;10020000113;6;2
INFO:48;1004;100400003055;8684950;1;2
INFO:46;1004;100400003055;8684950;2;2
INFO:42;1002;100200005536;;2;483
INFO:56;1004;100400003055;8685385;4;2
INFO:47;1004;100400003055;8685385;3;2
INFO:53;1004;100400003055;8685606;7;2
INFO:50;1004;100400003055;8685528;5;2
INFO:60;1004;100400003055;8685657;9;2
INFO:51;1004;100400003055;8685528;6;2
INFO:55;1004;100400003055;8685606;8;2
INFO:49;1004;100400003055;8685657;10;2
INFO:59;1004;100400003055;8685770;12;2
INFO:61;1004;100400003055;8685773;14;2
INFO:65;1004;100400003055;8685792;15;2
INFO:63;1004;100400003055;8685770;11;2
INFO:58;1004;100400003055;8685773;13;2
INFO:68;1004;100400003055;8685792;16;2
INFO:67;1004;100400003055;8685998;17;2
INFO:57;1004;100400003055;8685998;18;2
INFO:69;1004;100400003055;8686036;19;2
INFO:62;1004;100400003055;8686036;20;2
INFO:64;1004;100400003055;8687527;21;2
INFO:66;1004;100400003055;8687527;22;2
INFO:72;1004;100400003055;8687605;23;2
INFO:75;1004;100400003055;8687605;24;2
INFO:70;1004;100400003055;8687656;25;2
INFO:73;1004;100400003055;8687656;26;2
INFO:71;1004;100400003055;8687752;27;2
INFO:74;1004;100400003055;8687752;28;2
INFO:80;1004;100400003055;8687769;30;2
INFO:82;1004;100400003055;8687790;34;2
INFO:79;1004;100400003055;8687772;32;2
INFO:81;1004;100400003055;8687790;33;2
INFO:83;1004;100400003055;8687815;35;2
INFO:77;1004;100400003055;8687769;29;2
INFO:76;1004;100400003055;8687772;31;2
INFO:89;1004;100400003055;8687975;37;2
INFO:44;1002;100200005536;;1;3141
INFO:78;1004;100400003055;8687815;36;2
INFO:84;1004;100400003055;8687975;38;2
INFO:85;1004;100400003055;8686459;39;2
INFO:92;1004;100400003055;8686459;40;2
INFO:86;1004;100400003055;8687961;41;2
INFO:87;1004;100400003055;8687961;42;2
INFO:95;1004;100400003055;8687969;43;2
INFO:91;1004;100400003055;8687969;44;2
INFO:96;1036;103600018887;10360000038;1;3
INFO:1;1036;103600018887;10360000038;2;2
INFO:3;1036;103600018887;10360000067;3;2
INFO:98;1036;103600018887;10360000067;4;2
INFO:93;1006;100600002168;;2;262
INFO:97;1036;103600018887;10360000074;5;2
INFO:90;1036;103600018887;10360000074;6;2
INFO:2;1036;103600018887;10360000086;7;2
INFO:8;1036;103600018887;10360000101;9;2
INFO:88;1036;103600018887;10360000086;8;2
INFO:94;1006;100600002168;;1;724
INFO:99;1036;103600018887;10360000101;10;2
INFO:5;1036;103600018887;10360000110;12;2
INFO:6;1036;103600018887;10360000110;11;2
INFO:11;1036;103600018887;10360000116;13;2
INFO:7;1036;103600018887;10360000116;14;2
INFO:9;1036;103600018887;10360000125;15;2
INFO:14;1036;103600018887;10360000125;16;2
INFO:15;1036;103600018887;10360000141;17;2
INFO:12;1036;103600018887;10360000146;19;2
INFO:0;1036;103600018887;10360000141;18;2
INFO:16;1036;103600018887;10360000146;20;2
INFO:4;1036;103600018887;10360000154;21;2
INFO:13;1036;103600018887;10360000190;23;2
INFO:10;1036;103600018887;10360000154;22;2
INFO:19;1036;103600018887;10360000192;25;2
INFO:18;1036;103600018887;10360000190;24;2
INFO:21;1036;103600018887;10360000192;26;2
INFO:17;1036;103600018887;10360000204;27;2
INFO:26;1036;103600018887;10360000204;28;2
INFO:24;1036;103600018887;10360000230;29;2
INFO:22;1036;103600018887;10360000230;30;2
INFO:27;1036;103600018887;10360000286;31;2
INFO:20;1036;103600018887;10360000317;33;2
INFO:25;1036;103600018887;10360000286;32;2
INFO:28;1036;103600018887;10360000317;34;2
INFO:23;1036;103600018887;10360000350;37;2
INFO:29;1036;103600018887;10360000350;38;2
INFO:31;1036;103600018887;10360000322;35;2
INFO:33;1036;103600018887;10360000351;39;2
INFO:36;1036;103600018887;10360000375;41;2
INFO:32;1036;103600018887;10360000322;36;2
INFO:34;1036;103600018887;10360000375;42;2
INFO:35;1036;103600018887;10360000417;43;2
INFO:40;1036;103600018887;10360000431;45;2
INFO:38;1036;103600018887;10360000417;44;2
INFO:30;1036;103600018887;10360000351;40;2
INFO:39;1036;103600018887;10360000442;47;2
INFO:43;1036;103600018887;10360000442;48;2
INFO:52;1036;103600018887;10360000457;49;2
INFO:37;1036;103600018887;10360000431;46;2
INFO:45;1036;103600018887;10360000457;50;2
INFO:41;1036;103600018887;10360000458;51;2
INFO:54;1036;103600018887;10360000458;52;2
INFO:48;1036;103600018887;10360000469;53;2
INFO:46;1036;103600018887;10360000469;54;2
INFO:42;1036;103600018887;10360000538;55;2
INFO:56;1036;103600018887;10360000538;56;2
INFO:51;1036;103600018887;10360000714;61;2
INFO:60;1036;103600018887;10360000708;60;2
INFO:53;1036;103600018887;10360000606;58;2
INFO:55;1036;103600018887;10360000714;62;2
INFO:49;1036;103600018887;10360000716;63;2
INFO:47;1036;103600018887;10360000606;57;2
INFO:59;1036;103600018887;10360000716;64;2
INFO:50;1036;103600018887;10360000708;59;2
INFO:61;1036;103600018887;10360000719;65;2
INFO:65;1036;103600018887;10360000719;66;2
INFO:58;1036;103600018887;10360000921;68;2
INFO:63;1036;103600018887;10360000921;67;2
INFO:68;1036;103600018887;10360000944;69;2
INFO:57;1036;103600018887;10360091589;71;2
INFO:67;1036;103600018887;10360000944;70;2
INFO:69;1036;103600018887;10360091589;72;2
INFO:62;1036;103600018887;10360091590;73;2
INFO:64;1036;103600018887;10360091590;74;2
INFO:66;1036;103600018887;10360093602;75;2
INFO:70;1036;103600018887;10360103137;78;2
INFO:71;1036;103600018887;10360103191;80;2
INFO:72;1036;103600018887;10360093602;76;2
INFO:73;1036;103600018887;10360103191;79;2
INFO:75;1036;103600018887;10360103137;77;2
INFO:80;1036;103600018887;10360303734;82;2
INFO:74;1036;103600018887;10360303734;81;2
INFO:79;1036;103600018887;10360303749;84;2
INFO:82;1036;103600018887;10360303749;83;2
INFO:83;1036;103600018887;10360303789;86;2
INFO:77;1036;103600018887;10360303812;87;2
INFO:81;1036;103600018887;10360303789;85;2
INFO:76;1036;103600018887;10360303812;88;2
INFO:89;1036;103600018887;10360303820;89;2
INFO:44;1036;103600018887;10360303820;90;2
INFO:84;1036;103600018887;10360303852;92;2
INFO:78;1036;103600018887;10360303852;91;2
INFO:85;1036;103600018887;10360303865;93;2
INFO:92;1036;103600018887;10360303865;94;2
INFO:86;1036;103600018887;10360304066;95;2
INFO:87;1036;103600018887;10360304066;96;2
INFO:95;1036;103600018887;10360304105;97;2
INFO:91;1036;103600018887;10360304105;98;2
INFO:96;1036;103600018887;10360304168;99;2
INFO:98;1036;103600018887;10360304183;102;2
INFO:93;1036;103600018887;10360304238;103;2
INFO:97;1036;103600018887;10360304238;104;2
INFO:1;1036;103600018887;10360304168;100;2
INFO:3;1036;103600018887;10360304183;101;2
INFO:8;1036;103600018887;10360304271;107;2
INFO:2;1036;103600018887;10360304246;106;2
INFO:90;1036;103600018887;10360304246;105;2
INFO:99;1036;103600018887;10360328238;110;2
INFO:94;1036;103600018887;10360328238;109;2
INFO:88;1036;103600018887;10360304271;108;2
INFO:6;1036;103600018884;38131781160;2;2
INFO:11;1036;103600018884;38131829912;3;2
INFO:5;1036;103600018884;38131781160;1;2
INFO:7;1036;103600018884;38131829912;4;2
INFO:14;1036;103600018884;38131835603;6;2
INFO:9;1036;103600018884;38131835603;5;2
INFO:15;1036;103600018884;38131836315;7;2
INFO:12;1036;103600018884;38131836315;8;2
INFO:0;1036;103600018884;38131836538;9;2
INFO:16;1036;103600018884;38131836538;10;2
INFO:4;1036;103600018884;38131836629;11;2
INFO:13;1036;103600018884;38131836629;12;2
INFO:10;1036;103600018884;38131841320;13;2
INFO:19;1036;103600018884;38131841320;14;2
INFO:21;1036;103600018884;38131843258;16;2
INFO:26;1036;103600018884;38131847881;18;2
INFO:18;1036;103600018884;38131843258;15;2
INFO:22;1036;103600018884;38131848287;20;2
INFO:24;1036;103600018884;38131848287;19;2
INFO:20;1036;103600018884;38131848854;22;2
INFO:27;1036;103600018884;38131848854;21;2
INFO:25;1036;103600018884;38131850075;23;2
INFO:17;1036;103600018884;38131847881;17;2
INFO:29;1036;103600018884;38131851040;26;2
INFO:23;1036;103600018884;38131851040;25;2
INFO:28;1036;103600018884;38131850075;24;2
INFO:31;1036;103600018884;38131851173;27;2
INFO:33;1036;103600018884;38131851173;28;2
INFO:36;1036;103600018884;38131851532;29;2
INFO:34;1036;103600018884;38131852263;31;2
INFO:40;1036;103600018884;38131853550;33;2
INFO:35;1036;103600018884;38131852263;32;2
INFO:38;1036;103600018884;38131853550;34;2
INFO:32;1036;103600018884;38131851532;30;2
INFO:43;1036;103600018884;38131795592;37;2
INFO:39;1036;103600018884;39131135417;36;2
INFO:30;1036;103600018884;39131135417;35;2
INFO:52;1036;103600018884;38131795592;38;2
INFO:37;1036;103600018884;38131800329;39;2
INFO:45;1036;103600018884;38131800329;40;2
INFO:41;1036;103600018884;38131803987;41;2
INFO:54;1036;103600018884;38131803987;42;2
INFO:42;1036;103600018884;38131811469;45;2
INFO:46;1036;103600018884;38131809236;44;2
INFO:48;1036;103600018884;38131809236;43;2
INFO:56;1036;103600018884;38131811469;46;2
INFO:51;1036;103600018884;38131811562;47;2
INFO:60;1036;103600018884;38131811562;48;2
INFO:53;1036;103600018884;38131812265;49;2
INFO:49;1036;103600018884;38131812918;51;2
INFO:47;1036;103600018884;38131812918;52;2
INFO:55;1036;103600018884;38131812265;50;2
INFO:59;1036;103600018884;38131812935;53;2
INFO:65;1036;103600018884;38131812971;56;2
INFO:50;1036;103600018884;38131812935;54;2
INFO:61;1036;103600018884;38131812971;55;2
INFO:63;1036;103600018884;38131813556;58;2
INFO:58;1036;103600018884;38131813556;57;2
INFO:68;1036;103600018884;38131813724;59;2
INFO:57;1036;103600018884;38131813724;60;2
INFO:67;1036;103600018884;38131813736;61;2
INFO:62;1036;103600018884;38131815836;63;2
INFO:69;1036;103600018884;38131813736;62;2
INFO:64;1036;103600018884;38131815836;64;2
INFO:66;1036;103600018884;38131816807;65;2
INFO:71;1036;103600018884;38131822320;67;2
INFO:72;1036;103600018884;38131822320;68;2
INFO:70;1036;103600018884;38131816807;66;2
INFO:73;1036;103600018884;38131825356;69;2
INFO:75;1036;103600018884;38131825356;70;2
INFO:74;1036;103600018884;38131825760;72;2
INFO:80;1036;103600018884;38131825760;71;2
INFO:79;1036;103600018884;38131826043;73;2
INFO:83;1036;103600018884;38131829114;75;2
INFO:82;1036;103600018884;38131826043;74;2
INFO:77;1036;103600018884;38131829114;76;2
INFO:81;1036;103600018884;38131829912;77;2
INFO:76;1036;103600018884;38131829912;78;2
INFO:44;1036;103600018884;38131839782;80;2
INFO:78;1036;103600018884;38131841320;82;2
INFO:89;1036;103600018884;38131839782;79;2
INFO:84;1036;103600018884;38131841320;81;2
INFO:85;1036;103600018884;38131841656;83;2
INFO:92;1036;103600018884;38131841656;84;2
INFO:87;1036;103600018884;38131842600;86;2
INFO:96;1036;103600018884;38131845120;89;2
INFO:95;1036;103600018884;38131843258;87;2
INFO:86;1036;103600018884;38131842600;85;2
INFO:91;1036;103600018884;38131843258;88;2
INFO:98;1036;103600018884;38131845120;90;2
INFO:93;1036;103600018884;38131846014;91;2
INFO:97;1036;103600018884;38131846014;92;2
INFO:1;1036;103600018884;38131846018;93;2
INFO:3;1036;103600018884;38131846018;94;2
INFO:8;1036;103600018884;38131846593;95;2
INFO:2;1036;103600018884;38131846593;96;2
INFO:90;1036;103600018884;38131846661;97;2
INFO:99;1036;103600018884;38131846661;98;2
INFO:88;1036;103600018884;38131848174;100;2
INFO:6;1036;103600018884;38131848393;101;2
INFO:94;1036;103600018884;38131848174;99;2
INFO:11;1036;103600018884;38131848393;102;2
INFO:7;1036;103600018884;38131848394;104;2
INFO:14;1036;103600018884;38131849166;105;2
INFO:15;1036;103600018884;38131850304;107;2
INFO:12;1036;103600018884;38131850304;108;2
INFO:0;1036;103600018884;38131850397;109;2
INFO:5;1036;103600018884;38131848394;103;2
INFO:16;1036;103600018884;38131850397;110;2
INFO:9;1036;103600018884;38131849166;106;2
INFO:10;1036;103600018884;38131850984;113;2
INFO:4;1036;103600018884;38131850541;111;3
INFO:13;1036;103600018884;38131850541;112;3
INFO:19;1036;103600018884;38131850984;114;2
INFO:21;1036;103600018884;38131851119;115;2
INFO:26;1036;103600018884;38131851119;116;2
INFO:18;1036;103600018884;38131851128;117;2
INFO:22;1036;103600018884;38131851128;118;2
INFO:24;1036;103600018884;38131851140;119;2
INFO:20;1036;103600018884;38131851140;120;2
INFO:27;1036;103600018884;38131852024;121;2
INFO:29;1036;103600018884;38131853435;124;2
INFO:25;1036;103600018884;38131852024;122;2
INFO:17;1036;103600018884;38131853435;123;2
INFO:23;1036;103600018884;38131853746;125;2
INFO:28;1036;103600018884;38131853746;126;2
INFO:31;1036;103600018884;38131855399;127;2
INFO:33;1036;103600018884;38131855399;128;2
INFO:36;1036;103600018891;10360093552;1;2
INFO:34;1036;103600018891;10360093552;2;1
INFO:32;1036;103600018891;10360093833;6;1
INFO:35;1036;103600018891;10360093735;4;1
INFO:30;1036;103600018891;10360094082;9;1
INFO:43;1036;103600018891;10360094015;7;1
INFO:37;1036;103600018891;10360094213;11;1
INFO:52;1036;103600018891;10360094082;10;1
INFO:39;1036;103600018891;10360094015;8;1
INFO:45;1036;103600018891;10360094213;12;1
INFO:40;1036;103600018891;10360093735;3;1
INFO:41;1036;103600018891;10360094222;13;1
INFO:38;1036;103600018891;10360093833;5;1
INFO:54;1036;103600018891;10360094222;14;1
INFO:42;1036;103600018891;10360094224;15;1
INFO:46;1036;103600018891;10360094224;16;1
INFO:56;1036;103600018891;10360094318;18;1
INFO:48;1036;103600018891;10360094318;17;1
INFO:60;1036;103600018891;10360094459;20;1
INFO:51;1036;103600018891;10360094459;19;1
INFO:53;1036;103600018891;10360094535;21;1
INFO:49;1036;103600018891;10360094535;22;1
INFO:47;1036;103600018891;10360094733;23;1
INFO:59;1036;103600018891;10360094791;25;1
INFO:55;1036;103600018891;10360094733;24;1
INFO:65;1036;103600018891;10360094791;26;1
INFO:50;1036;103600018891;10360094839;27;1
INFO:61;1036;103600018891;10360094839;28;1
INFO:58;1036;103600018891;10360095018;30;1
INFO:63;1036;103600018891;10360095018;29;1
INFO:67;1036;103600018891;10360095617;33;1
INFO:68;1036;103600018891;10360095216;31;1
INFO:57;1036;103600018891;10360095216;32;1
INFO:62;1036;103600018891;10360095617;34;1
INFO:69;1036;103600018891;10360095716;35;1
INFO:64;1036;103600018891;10360095716;36;1
INFO:66;1036;103600018891;10360095751;37;1
INFO:71;1036;103600018891;10360095751;38;1
INFO:72;1036;103600018891;10360096040;39;1
INFO:70;1036;103600018891;10360096040;40;1
INFO:75;1036;103600018891;10360096084;42;1
INFO:73;1036;103600018891;10360096084;41;1
INFO:74;1036;103600018891;10360096240;43;1
INFO:80;1036;103600018891;10360096240;44;1
INFO:79;1036;103600018891;10360096324;45;1
INFO:83;1036;103600018891;10360096324;46;1
INFO:77;1036;103600018891;10360096385;48;1
INFO:82;1036;103600018891;10360096385;47;1
INFO:81;1036;103600018891;10360096403;49;1
INFO:76;1036;103600018891;10360096403;50;1
INFO:44;1036;103600018891;10360096572;51;1
INFO:78;1036;103600018891;10360096572;52;1
INFO:89;1036;103600018891;10360096720;53;1
INFO:84;1036;103600018891;10360096720;54;1
INFO:85;1036;103600018891;10360096754;55;1
INFO:92;1036;103600018891;10360096754;56;1
INFO:87;1036;103600018891;10360096842;57;1
INFO:96;1036;103600018891;10360096842;58;1
INFO:95;1036;103600018891;10360096934;59;1
INFO:86;1036;103600018891;10360096934;60;1
INFO:91;1036;103600018891;10360096981;61;1
INFO:98;1036;103600018891;10360096981;62;1
INFO:93;1036;103600018891;10360097018;63;1
INFO:1;1036;103600018891;10360097306;65;1
INFO:97;1036;103600018891;10360097018;64;1
INFO:3;1036;103600018891;10360097306;66;1
INFO:8;1036;103600018891;10360097342;67;1
INFO:90;1036;103600018891;10360097414;69;1
INFO:2;1036;103600018891;10360097342;68;1
INFO:99;1036;103600018891;10360097414;70;1
INFO:88;1036;103600018891;10360097452;71;1
INFO:6;1036;103600018891;10360097452;72;1
INFO:94;1036;103600018891;10360097482;73;1
INFO:11;1036;103600018891;10360097482;74;1
INFO:7;1036;103600018891;10360097579;75;1
INFO:14;1036;103600018891;10360097579;76;1
INFO:12;1036;103600018891;10360097586;78;1
INFO:15;1036;103600018891;10360097586;77;1
INFO:5;1036;103600018891;10360097615;80;1
INFO:0;1036;103600018891;10360097615;79;1
INFO:16;1036;103600018891;10360097645;81;1
INFO:9;1036;103600018891;10360097645;82;1
INFO:10;1036;103600018891;10360097676;83;1
INFO:4;1036;103600018891;10360097676;84;1
INFO:13;1036;103600018891;10360097819;85;1
INFO:21;1036;103600018891;10360098093;87;1
INFO:19;1036;103600018891;10360097819;86;1
INFO:26;1036;103600018891;10360098093;88;1
INFO:18;1036;103600018891;10360098132;89;1
INFO:22;1036;103600018891;10360098132;90;1
INFO:20;1036;103600018891;10360098226;92;1
INFO:24;1036;103600018891;10360098226;91;1
INFO:27;1036;103600018891;10360098408;93;1
INFO:29;1036;103600018891;10360098408;94;1
INFO:17;1036;103600018891;10360098421;96;1
INFO:25;1036;103600018891;10360098421;95;1
INFO:23;1036;103600018891;10360098443;97;1
INFO:31;1036;103600018891;10360098480;99;1
INFO:33;1036;103600018891;10360098480;100;1
INFO:36;1036;103600018891;10360098579;101;1
INFO:28;1036;103600018891;10360098443;98;1
INFO:34;1036;103600018891;10360098579;102;1
INFO:32;1036;103600018891;10360098621;103;1
INFO:30;1036;103600018891;10360098661;105;1
INFO:35;1036;103600018891;10360098621;104;1
INFO:37;1036;103600018891;10360098693;107;1
INFO:43;1036;103600018891;10360098661;106;1
INFO:41;1036;103600018891;10360098759;112;1
INFO:40;1036;103600018891;10360098759;111;1
INFO:38;1036;103600018891;10360098794;113;1
INFO:45;1036;103600018891;10360098735;110;1
INFO:52;1036;103600018891;10360098693;108;1
INFO:54;1036;103600018891;10360098794;114;1
INFO:39;1036;103600018891;10360098735;109;1
INFO:46;1036;103600018891;10360098826;116;1
INFO:42;1036;103600018891;10360098826;115;1
INFO:56;1036;103600018891;10360098862;117;1
INFO:48;1036;103600018891;10360098862;118;1
INFO:60;1036;103600018891;10360098898;119;1
INFO:53;1036;103600018891;10360098926;121;1
INFO:51;1036;103600018891;10360098898;120;1
INFO:49;1036;103600018891;10360098926;122;1
INFO:47;1036;103600018891;10360098933;123;1
INFO:55;1036;103600018891;10360098971;125;1
INFO:59;1036;103600018891;10360098933;124;1
INFO:58;1036;103600018891;10360099034;129;1
INFO:65;1036;103600018891;10360098971;126;1
INFO:61;1036;103600018891;10360099016;128;1
INFO:50;1036;103600018891;10360099016;127;1
INFO:63;1036;103600018891;10360099034;130;1
INFO:67;1036;103600018891;10360099121;131;1
INFO:68;1036;103600018891;10360099121;132;1
INFO:57;1036;103600018891;10360099438;133;1
INFO:64;1036;103600018891;10360099766;136;1
INFO:69;1036;103600018891;10360099766;135;1
INFO:62;1036;103600018891;10360099438;134;1
INFO:72;1036;103600018891;10360099960;139;1
INFO:66;1036;103600018891;10360099900;137;1
INFO:70;1036;103600018891;10360099960;140;1
INFO:71;1036;103600018891;10360099900;138;1
INFO:75;1036;103600018891;10360100032;141;1
INFO:74;1036;103600018891;10360100038;143;1
INFO:73;1036;103600018891;10360100032;142;1
INFO:83;1036;103600018891;10360100066;146;1
INFO:79;1036;103600018891;10360100066;145;1
INFO:77;1036;103600018891;10360100139;147;1
INFO:80;1036;103600018891;10360100038;144;1
INFO:81;1036;103600018891;10360100253;149;1
INFO:76;1036;103600018891;10360100253;150;1
INFO:78;1036;103600018891;10360100325;152;1
INFO:82;1036;103600018891;10360100139;148;1
INFO:44;1036;103600018891;10360100325;151;1
INFO:89;1036;103600018891;10360100528;153;1
INFO:84;1036;103600018891;10360100528;154;1
INFO:85;1036;103600018891;10360100826;155;1
INFO:92;1036;103600018891;10360100826;156;1
INFO:87;1036;103600018891;10360100866;157;1
INFO:96;1036;103600018891;10360100866;158;1
INFO:86;1036;103600018891;10360100943;160;1
INFO:95;1036;103600018891;10360100943;159;1
INFO:91;1036;103600018891;10360100968;161;1
INFO:98;1036;103600018891;10360100968;162;1
INFO:97;1036;103600018891;10360101163;165;1
INFO:1;1036;103600018891;10360100987;164;1
INFO:93;1036;103600018891;10360100987;163;1
INFO:3;1036;103600018891;10360101163;166;1
INFO:8;1036;103600018891;10360101190;167;1
INFO:2;1036;103600018891;10360101454;169;1
INFO:88;1036;103600018891;10360101470;171;1
INFO:90;1036;103600018891;10360101190;168;1
INFO:99;1036;103600018891;10360101454;170;1
INFO:11;1036;103600018891;10360101548;174;1
INFO:6;1036;103600018891;10360101470;172;1
INFO:94;1036;103600018891;10360101548;173;1
INFO:14;1036;103600018891;10360101695;176;1
INFO:7;1036;103600018891;10360101695;175;1
INFO:12;1036;103600018891;10360102239;177;1
INFO:15;1036;103600018891;10360102239;178;1
INFO:5;1036;103600018891;10360102387;179;1
INFO:10;1036;103600018891;10360102575;183;1
INFO:16;1036;103600018891;10360102393;181;1
INFO:0;1036;103600018891;10360102387;180;1
INFO:9;1036;103600018891;10360102393;182;1
INFO:4;1036;103600018891;10360102575;184;1
INFO:13;1036;103600018891;10360102637;185;1
INFO:21;1036;103600018891;10360102637;186;1
INFO:26;1036;103600018891;10360102697;188;1
INFO:18;1036;103600018891;10360102770;189;1
INFO:22;1036;103600018891;10360102770;190;1
INFO:19;1036;103600018891;10360102697;187;1
INFO:20;1036;103600018891;10360102905;191;1
INFO:24;1036;103600018891;10360102905;192;1
INFO:27;1036;103600018891;10360102963;193;1
INFO:31;1036;103600018891;10360148835;198;1
INFO:25;1036;103600018891;10360103080;196;1
INFO:23;1036;103600018891;10360148835;197;1
INFO:17;1036;103600018891;10360103080;195;1
INFO:29;1036;103600018891;10360102963;194;1
INFO:33;1036;103600018891;10360148875;199;1
INFO:36;1036;103600018891;10360148875;200;1
INFO:28;1036;103600018891;10360148890;201;1
INFO:34;1036;103600018891;10360148890;202;1
INFO:30;1036;103600018891;10360148967;204;1
INFO:32;1036;103600018891;10360148967;203;1
INFO:37;1036;103600018891;10360148969;206;1
INFO:40;1036;103600018891;10360148995;209;1
INFO:38;1036;103600018891;10360148995;210;1
INFO:43;1036;103600018891;10360148978;207;1
INFO:35;1036;103600018891;10360148969;205;1
INFO:45;1036;103600018891;10360149040;211;1
INFO:52;1036;103600018891;10360149040;212;1
INFO:54;1036;103600018891;10360149078;213;1
INFO:39;1036;103600018891;10360149078;214;1
INFO:46;1036;103600018891;10360149086;215;1
INFO:42;1036;103600018891;10360149086;216;1
INFO:56;1036;103600018891;10360149127;217;1
INFO:48;1036;103600018891;10360149127;218;1
INFO:53;1036;103600018891;10360149141;220;1
INFO:51;1036;103600018891;10360149192;221;1
INFO:60;1036;103600018891;10360149141;219;1
INFO:41;1036;103600018891;10360148978;208;1
INFO:49;1036;103600018891;10360149192;222;1
INFO:47;1036;103600018891;10360149230;223;1
INFO:55;1036;103600018891;10360149230;224;1
INFO:59;1036;103600018891;10360149270;225;1
INFO:65;1036;103600018891;10360149372;227;1
INFO:58;1036;103600018891;10360149270;226;1
INFO:61;1036;103600018891;10360149372;228;1
INFO:68;1036;103600018891;10360149540;232;1
INFO:67;1036;103600018891;10360149540;231;1
INFO:63;1036;103600018891;10360149394;230;1
INFO:64;1036;103600018891;10360149688;234;1
INFO:69;1036;103600018891;10360149725;235;1
INFO:72;1036;103600018891;10360149750;237;1
INFO:62;1036;103600018891;10360149725;236;1
INFO:66;1036;103600018891;10360149750;238;1
INFO:70;1036;103600018891;10360150086;239;1
INFO:71;1036;103600018891;10360150086;240;1
INFO:50;1036;103600018891;10360149394;229;1
INFO:57;1036;103600018891;10360149688;233;1
INFO:75;1036;103600018891;10360150282;241;1
INFO:74;1036;103600018891;10360150282;242;1
INFO:83;1036;103600018891;10360150345;244;1
INFO:73;1036;103600018891;10360150345;243;1
INFO:79;1036;103600018891;10360150602;245;1
INFO:81;1036;103600018891;10360150773;248;1
INFO:80;1036;103600018891;10360150773;247;1
INFO:77;1036;103600018891;10360150602;246;1
INFO:76;1036;103600018891;10360151099;249;1
INFO:78;1036;103600018891;10360151099;250;1
INFO:44;1036;103600018891;10360151341;252;1
INFO:89;1036;103600018891;10360151438;253;1
INFO:84;1036;103600018891;10360151438;254;1
INFO:87;1036;103600018891;10360151661;257;1
INFO:82;1036;103600018891;10360151341;251;1
INFO:92;1036;103600018891;10360151640;256;1
INFO:96;1036;103600018891;10360151661;258;1
INFO:95;1036;103600018891;10360151730;260;1
INFO:86;1036;103600018891;10360151730;259;1
INFO:91;1036;103600018891;10360151743;261;1
INFO:97;1036;103600018891;10360152210;263;1
INFO:85;1036;103600018891;10360151640;255;1
INFO:98;1036;103600018891;10360151743;262;1
INFO:1;1036;103600018891;10360152210;264;1
INFO:93;1036;103600018891;10360152227;265;1
INFO:2;1036;103600018891;10360152453;268;1
INFO:8;1036;103600018891;10360152453;267;1
INFO:3;1036;103600018891;10360152227;266;1
INFO:88;1036;103600018891;10360153200;269;1
INFO:99;1036;103600018891;10360155584;271;1
INFO:90;1036;103600018891;10360153200;270;1
INFO:11;1036;103600018891;10360155584;272;1
INFO:94;1036;103600018892;10360148890;2;1
INFO:6;1036;103600018892;10360148890;1;2
INFO:14;1036;103600018892;10360148967;3;1
INFO:7;1036;103600018892;10360148967;4;1
INFO:12;1036;103600018892;10360148969;5;1
INFO:15;1036;103600018892;10360148969;6;1
INFO:5;1036;103600018892;10360148978;7;1
INFO:10;1036;103600018892;10360148978;8;1
INFO:16;1036;103600018892;10360148995;9;1
INFO:9;1036;103600018892;10360149040;11;1
INFO:0;1036;103600018892;10360148995;10;1
INFO:4;1036;103600018892;10360149040;12;1
INFO:21;1036;103600018892;10360149078;14;1
INFO:18;1036;103600018892;10360149086;16;1
INFO:26;1036;103600018892;10360149086;15;1
INFO:13;1036;103600018892;10360149078;13;1
INFO:22;1036;103600018892;10360149127;17;1
INFO:19;1036;103600018892;10360149127;18;1
INFO:20;1036;103600018892;10360149141;19;1
INFO:24;1036;103600018892;10360149141;20;1
INFO:27;1036;103600018892;10360149192;21;1
INFO:25;1036;103600018892;10360149230;23;1
INFO:31;1036;103600018892;10360149192;22;1
INFO:23;1036;103600018892;10360149230;24;1
INFO:17;1036;103600018892;10360149270;25;1
INFO:33;1036;103600018892;10360149372;27;1
INFO:29;1036;103600018892;10360149270;26;1
INFO:36;1036;103600018892;10360149372;28;1
INFO:28;1036;103600018892;10360149394;29;1
INFO:30;1036;103600018892;10360149540;31;1
INFO:34;1036;103600018892;10360149394;30;1
INFO:37;1036;103600018892;10360149688;33;1
INFO:40;1036;103600018892;10360149688;34;1
INFO:38;1036;103600018892;10360149725;35;1
INFO:32;1036;103600018892;10360149540;32;1
INFO:43;1036;103600018892;10360149725;36;1
INFO:35;1036;103600018892;10360149750;37;1
INFO:52;1036;103600018892;10360150086;39;1
INFO:45;1036;103600018892;10360149750;38;1
INFO:39;1036;103600018892;10360150282;41;1
INFO:54;1036;103600018892;10360150086;40;1
INFO:46;1036;103600018892;10360150282;42;1
INFO:42;1036;103600018892;10360150345;43;1
INFO:48;1036;103600018892;10360150602;45;1
INFO:56;1036;103600018892;10360150345;44;1
INFO:53;1036;103600018892;10360150602;46;1
INFO:51;1036;103600018892;10360150773;47;1
INFO:60;1036;103600018892;10360150773;48;1
INFO:47;1036;103600018892;10360151341;51;1
INFO:41;1036;103600018892;10360151099;49;1
INFO:49;1036;103600018892;10360151099;50;1
INFO:55;1036;103600018892;10360151341;52;1
INFO:65;1036;103600018892;10360151438;54;1
INFO:58;1036;103600018892;10360151640;55;1
INFO:68;1036;103600018892;10360151661;57;1
INFO:59;1036;103600018892;10360151438;53;1
INFO:64;1036;103600018892;10360151730;60;1
INFO:63;1036;103600018892;10360151730;59;1
INFO:61;1036;103600018892;10360151640;56;1
INFO:67;1036;103600018892;10360151661;58;1
INFO:69;1036;103600018892;10360151743;61;1
INFO:62;1036;103600018892;10360152210;63;1
INFO:72;1036;103600018892;10360151743;62;1
INFO:70;1036;103600018892;10360152227;65;1
INFO:66;1036;103600018892;10360152210;64;1
INFO:71;1036;103600018892;10360152227;66;1
INFO:50;1036;103600018892;10360152453;67;1
INFO:57;1036;103600018892;10360152453;68;1
INFO:75;1036;103600018892;10360153200;69;1
INFO:83;1036;103600018892;10360155584;71;1
INFO:74;1036;103600018892;10360153200;70;1
INFO:73;1036;103600018892;10360155584;72;1
INFO:81;1036;103600018892;10360093552;74;1
INFO:79;1036;103600018892;10360093552;73;1
INFO:80;1036;103600018892;10360093735;75;1
INFO:76;1036;103600018892;10360093833;77;1
INFO:78;1036;103600018892;10360093833;78;1
INFO:77;1036;103600018892;10360093735;76;1
INFO:44;1036;103600018892;10360094015;79;1
INFO:89;1036;103600018892;10360094015;80;1
INFO:84;1036;103600018892;10360094082;81;1
INFO:82;1036;103600018892;10360094213;83;1
INFO:87;1036;103600018892;10360094082;82;1
INFO:92;1036;103600018892;10360094213;84;1
INFO:86;1036;103600018892;10360094224;87;1
INFO:95;1036;103600018892;10360094222;86;1
INFO:96;1036;103600018892;10360094222;85;1
INFO:91;1036;103600018892;10360094224;88;1
INFO:97;1036;103600018892;10360094318;89;1
INFO:85;1036;103600018892;10360094318;90;1
INFO:1;1036;103600018892;10360094459;92;1
INFO:98;1036;103600018892;10360094459;91;1
INFO:93;1036;103600018892;10360094535;93;1
INFO:2;1036;103600018892;10360094535;94;1
INFO:8;1036;103600018892;10360094733;95;1
INFO:3;1036;103600018892;10360094733;96;1
INFO:99;1036;103600018892;10360094791;98;1
INFO:88;1036;103600018892;10360094791;97;1
INFO:90;1036;103600018892;10360094839;99;1
INFO:11;1036;103600018892;10360094839;100;1
INFO:6;1036;103600018892;10360095018;102;1
INFO:94;1036;103600018892;10360095018;101;1
INFO:14;1036;103600018892;10360095216;103;1
INFO:7;1036;103600018892;10360095216;104;1
INFO:12;1036;103600018892;10360095617;105;1
INFO:15;1036;103600018892;10360095617;106;1
INFO:5;1036;103600018892;10360095716;107;1
INFO:10;1036;103600018892;10360095716;108;1
INFO:16;1036;103600018892;10360095751;109;1
INFO:9;1036;103600018892;10360095751;110;1
INFO:0;1036;103600018892;10360096040;111;1
INFO:21;1036;103600018892;10360096084;113;1
INFO:4;1036;103600018892;10360096040;112;1
INFO:26;1036;103600018892;10360096240;115;1
INFO:13;1036;103600018892;10360096240;116;1
INFO:22;1036;103600018892;10360096324;117;1
INFO:19;1036;103600018892;10360096324;118;1
INFO:18;1036;103600018892;10360096084;114;1
INFO:24;1036;103600018892;10360096385;120;1
INFO:27;1036;103600018892;10360096403;121;1
INFO:20;1036;103600018892;10360096385;119;1
INFO:25;1036;103600018892;10360096403;122;1
INFO:31;1036;103600018892;10360096572;123;1
INFO:17;1036;103600018892;10360096720;125;1
INFO:23;1036;103600018892;10360096572;124;1
INFO:33;1036;103600018892;10360096720;126;1
INFO:36;1036;103600018892;10360096754;128;1
INFO:29;1036;103600018892;10360096754;127;1
INFO:28;1036;103600018892;10360096842;129;1
INFO:30;1036;103600018892;10360096842;130;1
INFO:34;1036;103600018892;10360096934;131;1
INFO:37;1036;103600018892;10360096934;132;1
INFO:38;1036;103600018892;10360096981;134;1
INFO:43;1036;103600018892;10360097018;136;1
INFO:40;1036;103600018892;10360096981;133;1
INFO:52;1036;103600018892;10360097306;138;1
INFO:32;1036;103600018892;10360097018;135;1
INFO:35;1036;103600018892;10360097306;137;1
INFO:39;1036;103600018892;10360097342;140;1
INFO:54;1036;103600018892;10360097414;141;1
INFO:45;1036;103600018892;10360097342;139;1
INFO:42;1036;103600018892;10360097452;143;1
INFO:46;1036;103600018892;10360097414;142;1
INFO:48;1036;103600018892;10360097452;144;1
INFO:56;1036;103600018892;10360097482;145;1
INFO:53;1036;103600018892;10360097482;146;1
INFO:60;1036;103600018892;10360097579;148;1
INFO:41;1036;103600018892;10360097586;150;1
INFO:51;1036;103600018892;10360097579;147;1
INFO:47;1036;103600018892;10360097586;149;1
INFO:49;1036;103600018892;10360097615;151;1
INFO:65;1036;103600018892;10360097645;153;1
INFO:55;1036;103600018892;10360097615;152;1
INFO:58;1036;103600018892;10360097645;154;1
INFO:68;1036;103600018892;10360097676;155;1
INFO:64;1036;103600018892;10360097819;157;1
INFO:59;1036;103600018892;10360097676;156;1
INFO:63;1036;103600018892;10360097819;158;1
INFO:61;1036;103600018892;10360098093;159;1
INFO:67;1036;103600018892;10360098093;160;1
INFO:69;1036;103600018892;10360098132;161;1
INFO:72;1036;103600018892;10360098226;163;1
INFO:70;1036;103600018892;10360098226;164;1
INFO:62;1036;103600018892;10360098132;162;1
INFO:66;1036;103600018892;10360098408;165;1
INFO:71;1036;103600018892;10360098408;166;1
INFO:50;1036;103600018892;10360098421;167;1
INFO:75;1036;103600018892;10360098443;169;1
INFO:57;1036;103600018892;10360098421;168;1
INFO:73;1036;103600018892;10360098480;172;1
INFO:83;1036;103600018892;10360098443;170;1
INFO:74;1036;103600018892;10360098480;171;1
INFO:79;1036;103600018892;10360098579;174;1
INFO:81;1036;103600018892;10360098579;173;1
INFO:80;1036;103600018892;10360098621;175;1
INFO:78;1036;103600018892;10360098661;177;1
INFO:76;1036;103600018892;10360098621;176;1
INFO:89;1036;103600018892;10360098693;180;1
INFO:77;1036;103600018892;10360098661;178;1
INFO:84;1036;103600018892;10360098735;181;1
INFO:44;1036;103600018892;10360098693;179;1
INFO:82;1036;103600018892;10360098735;182;1
INFO:87;1036;103600018892;10360098759;183;1
INFO:92;1036;103600018892;10360098759;184;1
INFO:86;1036;103600018892;10360098794;185;1
INFO:95;1036;103600018892;10360098794;186;1
INFO:97;1036;103600018892;10360098862;189;1
INFO:96;1036;103600018892;10360098826;187;1
INFO:91;1036;103600018892;10360098826;188;1
INFO:1;1036;103600018892;10360098898;191;1
INFO:85;1036;103600018892;10360098862;190;1
INFO:98;1036;103600018892;10360098898;192;1
INFO:93;1036;103600018892;10360098926;193;1
INFO:2;1036;103600018892;10360098926;194;1
INFO:99;1036;103600018892;10360098971;197;1
INFO:88;1036;103600018892;10360098971;198;1
INFO:3;1036;103600018892;10360098933;196;1
INFO:90;1036;103600018892;10360099016;199;1
INFO:11;1036;103600018892;10360099016;200;1
INFO:8;1036;103600018892;10360098933;195;1
INFO:7;1036;103600018892;10360099121;204;1
INFO:94;1036;103600018892;10360099034;202;1
INFO:12;1036;103600018892;10360099438;205;1
INFO:14;1036;103600018892;10360099121;203;1
INFO:6;1036;103600018892;10360099034;201;1
INFO:15;1036;103600018892;10360099438;206;1
INFO:10;1036;103600018892;10360099766;208;1
INFO:0;1036;103600018892;10360099960;211;1
INFO:9;1036;103600018892;10360099900;210;1
INFO:16;1036;103600018892;10360099900;209;1
INFO:5;1036;103600018892;10360099766;207;1
INFO:21;1036;103600018892;10360099960;212;1
INFO:4;1036;103600018892;10360100032;213;1
INFO:13;1036;103600018892;10360100038;215;1
INFO:22;1036;103600018892;10360100038;216;1
INFO:20;1036;103600018892;10360100253;221;1
INFO:24;1036;103600018892;10360100139;219;1
INFO:25;1036;103600018892;10360100253;222;1
INFO:18;1036;103600018892;10360100066;218;1
INFO:26;1036;103600018892;10360100032;214;1
INFO:27;1036;103600018892;10360100139;220;1
INFO:31;1036;103600018892;10360100325;223;1
INFO:19;1036;103600018892;10360100066;217;1
INFO:17;1036;103600018892;10360100325;224;1
INFO:33;1036;103600018892;10360100528;226;1
INFO:36;1036;103600018892;10360100826;227;1
INFO:23;1036;103600018892;10360100528;225;1
INFO:34;1036;103600018892;10360100943;231;1
INFO:37;1036;103600018892;10360100943;232;1
INFO:29;1036;103600018892;10360100826;228;1
INFO:28;1036;103600018892;10360100866;229;1
INFO:38;1036;103600018892;10360100968;233;1
INFO:43;1036;103600018892;10360100968;234;1
INFO:40;1036;103600018892;10360100987;235;1
INFO:30;1036;103600018892;10360100866;230;1
INFO:52;1036;103600018892;10360100987;236;1
INFO:32;1036;103600018892;10360101163;237;1
INFO:35;1036;103600018892;10360101163;238;1
INFO:39;1036;103600018892;10360101190;239;1
INFO:42;1036;103600018892;10360101454;242;1
INFO:46;1036;103600018892;10360101470;243;1
INFO:48;1036;103600018892;10360101470;244;1
INFO:54;1036;103600018892;10360101190;240;1
INFO:45;1036;103600018892;10360101454;241;1
INFO:53;1036;103600018892;10360101548;246;1
INFO:56;1036;103600018892;10360101548;245;1
INFO:60;1036;103600018892;10360101695;247;1
INFO:51;1036;103600018892;10360102239;249;1
INFO:41;1036;103600018892;10360101695;248;1
INFO:47;1036;103600018892;10360102239;250;1
INFO:49;1036;103600018892;10360102387;251;1
INFO:55;1036;103600018892;10360102393;253;1
INFO:59;1036;103600018892;10360102637;257;1
INFO:68;1036;103600018892;10360102575;255;1
INFO:64;1036;103600018892;10360102575;256;1
INFO:65;1036;103600018892;10360102387;252;1
INFO:63;1036;103600018892;10360102637;258;1
INFO:61;1036;103600018892;10360102697;259;1
INFO:58;1036;103600018892;10360102393;254;1
INFO:67;1036;103600018892;10360102697;260;1
INFO:69;1036;103600018892;10360102770;261;1
INFO:72;1036;103600018892;10360102770;262;1
INFO:70;1036;103600018892;10360102905;263;1
INFO:62;1036;103600018892;10360102905;264;1
INFO:66;1036;103600018892;10360102963;265;1
INFO:71;1036;103600018892;10360102963;266;1
INFO:50;1036;103600018892;10360103080;267;1
INFO:75;1036;103600018892;10360103080;268;1
INFO:73;1036;103600018892;10360148835;270;1
INFO:57;1036;103600018892;10360148835;269;1
INFO:83;1036;103600018892;10360148875;271;1
INFO:74;1036;103600018892;10360148875;272;1
INFO:81;1007;100700002041;10070000141;2;2
INFO:79;1007;100700002041;10070000141;1;3
INFO:80;1007;100700002041;10070000172;3;2
INFO:44;1011;101100002010;10110000160;5;2
INFO:82;1011;101100002010;10110000160;6;2
INFO:78;1007;100700002041;10070000172;4;2
INFO:84;1011;101100002010;10110000299;4;2
INFO:89;1011;101100002010;10110000262;2;2
INFO:77;1011;101100002010;10110000299;3;2
INFO:76;1011;101100002010;10110000262;1;3
INFO:87;1013;101300066816;10130029452;1;3
INFO:92;1013;101300066816;10130029452;2;2
INFO:86;1013;101300066816;10130029452;3;2
INFO:95;1013;101300066816;10130029452;4;2
INFO:97;1013;101300066816;10130029452;5;2
INFO:96;1013;101300066816;10130029452;6;2
INFO:1;1013;101300066816;10130036984;8;2
INFO:2;1013;101300066816;10130040325;12;2
INFO:91;1013;101300066816;10130036984;7;2
INFO:99;1013;101300066816;10130040325;13;2
INFO:98;1013;101300066816;10130038697;10;2
INFO:85;1013;101300066816;10130038697;9;2
INFO:88;1013;101300066816;10130040325;14;2
INFO:93;1013;101300066816;10130040325;11;2
INFO:90;1013;101300066816;10130040428;16;2
INFO:3;1013;101300066816;10130040428;15;2
INFO:11;1013;101300066816;10130040656;17;2
INFO:8;1013;101300066816;10130040656;18;2
INFO:94;1013;101300066816;10130021615;20;2
INFO:7;1013;101300066816;10130021615;19;2
INFO:12;1013;101300066816;10130023618;21;2
INFO:6;1013;101300066816;10130024347;23;2
INFO:15;1013;101300066816;10130024347;24;2
INFO:14;1013;101300066816;10130023618;22;2
INFO:10;1013;101300066816;10130030377;25;2
INFO:0;1013;101300066816;10130030377;26;2
INFO:9;1013;101300066816;10130036193;27;2
INFO:16;1013;101300066816;10130036193;28;2
INFO:5;1013;101300066816;10130036590;29;2
INFO:21;1013;101300066816;10130036590;30;2
INFO:4;1013;101300066816;10130036595;31;2
INFO:13;1013;101300066816;10130036595;32;2
INFO:22;1013;101300066816;10130036635;33;2
INFO:24;1013;101300066816;10130036637;35;2
INFO:20;1013;101300066816;10130036635;34;2
INFO:25;1013;101300066816;10130036637;36;2
INFO:18;1013;101300066816;10130036682;37;2
INFO:26;1013;101300066816;10130036682;38;2
INFO:27;1013;101300066816;10130036687;39;2
INFO:31;1013;101300066816;10130036687;40;2
INFO:17;1013;101300066816;10130036690;42;2
INFO:19;1013;101300066816;10130036690;41;2
INFO:33;1013;101300066816;10130036732;43;2
INFO:23;1013;101300066816;10130036734;45;2
INFO:34;1013;101300066816;10130036734;46;2
INFO:36;1013;101300066816;10130036732;44;2
INFO:29;1013;101300066816;10130037372;48;2
INFO:37;1013;101300066816;10130037372;47;2
INFO:28;1013;101300066816;10130037450;49;2
INFO:38;1013;101300066816;10130037450;50;2
INFO:30;1013;101300066816;10130039581;53;2
INFO:43;1013;101300066816;10130037453;51;2
INFO:40;1013;101300066816;10130037453;52;2
INFO:32;1013;101300066816;10130039626;55;2
INFO:39;1013;101300066816;10130040191;57;2
INFO:52;1013;101300066816;10130039581;54;2
INFO:46;1013;101300066816;10130040200;59;2
INFO:54;1013;101300066816;10130040356;61;2
INFO:42;1013;101300066816;10130040191;58;2
INFO:35;1013;101300066816;10130039626;56;2
INFO:48;1013;101300066816;10130040200;60;2
INFO:45;1013;101300066816;10130040356;62;2
INFO:56;1013;101300066816;10130040399;64;2
INFO:53;1013;101300066816;10130040399;63;2
INFO:51;1013;101300066816;10130040403;66;2
INFO:60;1013;101300066816;10130040403;65;2
INFO:41;1013;101300066816;10130040408;67;2
INFO:47;1013;101300066816;10130040408;68;2
INFO:49;1013;101300066816;10130040424;69;2
INFO:55;1013;101300066816;10130040424;70;2
INFO:68;1013;101300066816;10130040477;72;2
INFO:59;1013;101300066816;10130040477;71;2
INFO:65;1013;101300066816;10130040491;74;2
INFO:64;1013;101300066816;10130040491;73;2
INFO:58;1013;101300066816;10130040633;77;2
INFO:61;1013;101300066816;10130040548;76;2
INFO:69;1013;101300066816;10130040639;79;2
INFO:71;1013;101300066816;10130040860;84;2
INFO:63;1013;101300066816;10130040548;75;2
INFO:62;1013;101300066816;10130040747;82;2
INFO:70;1013;101300066816;10130040747;81;2
INFO:67;1013;101300066816;10130040633;78;2
INFO:50;1013;101300066816;10130040861;85;2
INFO:72;1013;101300066816;10130040639;80;2
INFO:66;1013;101300066816;10130040860;83;2
INFO:57;1013;101300066816;10130040950;88;2
INFO:73;1013;101300066816;10130040950;87;2
INFO:83;1013;101300066816;10130040954;89;2
INFO:74;1013;101300066816;10130040954;90;2
INFO:81;1013;101300066816;10130041062;91;2
INFO:75;1013;101300066816;10130040861;86;2
INFO:79;1013;101300066816;10130041062;92;2
INFO:80;1013;101300066816;10130041123;93;2
INFO:44;1013;101300066816;10130041123;94;2
INFO:78;1013;101300066816;10130041125;96;2
INFO:77;1013;101300066816;10130041743;99;2
INFO:89;1013;101300066816;10130041538;98;2
INFO:84;1013;101300066816;10130041538;97;2
INFO:82;1013;101300066816;10130041125;95;2
INFO:76;1013;101300066816;10130041743;100;2
INFO:87;1013;101300066816;10130041994;101;2
INFO:92;1013;101300066816;10130041994;102;2
INFO:86;1013;101300066816;10130042174;103;2
INFO:95;1013;101300066816;10130042174;104;2
INFO:97;1013;101300066816;10130042794;105;2
INFO:96;1013;101300066816;10130042794;106;2
INFO:1;1013;101300066816;10130043549;107;2
INFO:91;1013;101300066816;10130043550;109;2
INFO:2;1013;101300066816;10130043549;108;2
INFO:98;1013;101300066816;10130023618;111;2
INFO:85;1013;101300066816;10130023618;112;2
INFO:93;1013;101300066816;10130024347;114;2
INFO:90;1013;101300066816;10130030377;115;2
INFO:88;1013;101300066816;10130024347;113;2
INFO:99;1013;101300066816;10130043550;110;2
INFO:3;1013;101300066816;10130030377;116;2
INFO:11;1013;101300066816;10130031612;117;2
INFO:8;1013;101300066816;10130031612;118;2
INFO:94;1013;101300066816;10130032767;119;2
INFO:7;1013;101300066816;10130032767;120;2
INFO:12;1013;101300066816;10130033881;121;2
INFO:6;1013;101300066816;10130033881;122;2
INFO:10;1013;101300066816;10130033932;125;2
INFO:15;1013;101300066816;10130033926;123;2
INFO:5;1013;101300066816;10130034835;129;2
INFO:14;1013;101300066816;10130033926;124;2
INFO:9;1013;101300066816;10130034744;127;2
INFO:0;1013;101300066816;10130033932;126;2
INFO:16;1013;101300066816;10130034744;128;2
INFO:21;1013;101300066816;10130034835;130;2
INFO:4;1013;101300066816;10130034837;131;2
INFO:13;1013;101300066816;10130034837;132;2
INFO:22;1013;101300066816;10130035022;133;2
INFO:25;1013;101300066816;10130035728;136;2
INFO:18;1013;101300066816;10130035730;137;2
INFO:26;1013;101300066816;10130035730;138;2
INFO:24;1013;101300066816;10130035022;134;2
INFO:20;1013;101300066816;10130035728;135;2
INFO:31;1013;101300066817;10130021878;2;2
INFO:27;1013;101300066817;10130021878;1;3
INFO:17;1013;101300066817;10130027155;3;2
INFO:19;1013;101300066817;10130027155;4;2
INFO:33;1013;101300066817;10130027253;5;2
INFO:23;1013;101300066817;10130027253;6;2
INFO:34;1013;101300066817;10130036320;7;2
INFO:36;1013;101300066817;10130036320;8;2
INFO:29;1013;101300066817;10130036320;9;2
INFO:37;1013;101300066817;10130036320;10;2
INFO:38;1013;101300066817;10130036320;12;2
INFO:28;1013;101300066817;10130036320;11;2
INFO:30;1013;101300066817;10130039022;13;2
INFO:43;1013;101300066817;10130039022;14;2
INFO:32;1013;101300066817;10130018548;16;2
INFO:40;1013;101300066817;10130018548;15;2
INFO:46;1013;101300066817;10130034255;19;2
INFO:39;1013;101300066817;10130033175;17;2
INFO:52;1013;101300066817;10130033175;18;2
INFO:54;1013;101300066817;10130034255;20;2
INFO:42;1013;101300066817;10130036360;21;2
INFO:35;1013;101300066817;10130036360;22;2
INFO:48;1013;101300066817;10130036372;23;2
INFO:56;1013;101300066817;10130037395;25;2
INFO:45;1013;101300066817;10130036372;24;2
INFO:53;1013;101300066817;10130037395;26;2
INFO:51;1013;101300066817;10130037432;27;2
INFO:60;1013;101300066817;10130037432;28;2
INFO:41;1013;101300066817;10130037658;29;2
INFO:49;1013;101300066817;10130037697;31;2
INFO:47;1013;101300066817;10130037658;30;2
INFO:55;1013;101300066817;10130037697;32;2
INFO:68;1013;101300066817;10130037712;33;2
INFO:59;1013;101300066817;10130037712;34;2
INFO:65;1013;101300066817;10130037856;35;2
INFO:64;1013;101300066817;10130037856;36;2
INFO:69;1013;101300066817;10130037906;39;2
INFO:61;1013;101300066817;10130037864;38;2
INFO:58;1013;101300066817;10130037864;37;2
INFO:71;1013;101300066817;10130037906;40;2
INFO:63;1013;101300066817;10130037912;41;2
INFO:62;1013;101300066817;10130037912;42;2
INFO:70;1013;101300066817;10130037990;43;2
INFO:67;1013;101300066817;10130037990;44;2
INFO:50;1013;101300066817;10130038397;45;2
INFO:72;1013;101300066817;10130038397;46;2
INFO:66;1013;101300066817;10130039182;47;2
INFO:57;1013;101300066817;10130039182;48;2
INFO:74;1013;101300066817;10130039283;51;2
INFO:73;1013;101300066817;10130039274;49;2
INFO:81;1013;101300066817;10130039283;52;2
INFO:83;1013;101300066817;10130039274;50;2
INFO:44;1013;101300066817;10130039379;56;2
INFO:79;1013;101300066817;10130039284;54;2
INFO:80;1013;101300066817;10130039379;55;2
INFO:75;1013;101300066817;10130039284;53;2
INFO:78;1013;101300066817;10130041415;57;2
INFO:77;1013;101300066817;10130041415;58;2
INFO:84;1013;101300066817;10130031861;60;2
INFO:89;1013;101300066817;10130031861;59;2
INFO:82;1013;101300066817;10130002210;61;2
INFO:87;1013;101300066817;10130018548;63;2
INFO:76;1013;101300066817;10130002210;62;2
INFO:92;1013;101300066817;10130018548;64;2
INFO:97;1013;101300066817;10130028296;67;2
INFO:96;1013;101300066817;10130028296;68;2
INFO:86;1013;101300066817;10130019261;65;2
INFO:95;1013;101300066817;10130019261;66;2
INFO:2;1013;101300066817;10130032262;71;2
INFO:91;1013;101300066817;10130032221;70;2
INFO:98;1013;101300066817;10130032262;72;2
INFO:1;1013;101300066817;10130032221;69;2
INFO:93;1013;101300066812;10130030027;2;2
INFO:90;1013;101300066812;10130041154;3;2
INFO:88;1013;101300066812;10130041154;4;2
INFO:85;1013;101300066812;10130030027;1;3
INFO:3;1013;101300066812;10130041163;6;2
INFO:11;1013;101300066812;10130041164;7;2
INFO:99;1013;101300066812;10130041163;5;2
INFO:8;1013;101300066812;10130041164;8;2
INFO:7;1013;101300066812;10130042412;10;2
INFO:12;1013;101300066812;10130042441;11;2
INFO:94;1013;101300066812;10130042412;9;2
INFO:6;1013;101300066812;10130042441;12;2
INFO:15;1016;101600002924;3173417;2;2
INFO:10;1016;101600002924;3173417;1;2
INFO:14;1016;101600002924;3173523;4;2
INFO:5;1016;101600002924;3173523;3;2
INFO:9;1016;101600002924;3172211;5;2
INFO:21;1016;101600002924;3172275;8;2
INFO:16;1016;101600002924;3172275;7;2
INFO:0;1016;101600002924;3172211;6;2
INFO:13;1016;101600002924;3172325;10;2
INFO:4;1016;101600002924;3172325;9;2
INFO:22;1016;101600002924;3173324;11;2
INFO:25;1016;101600002924;3173324;12;2
INFO:18;1016;101600002924;3173388;13;2
INFO:26;1016;101600002924;3173388;14;2
INFO:20;1016;101600002924;3173600;16;2
INFO:24;1016;101600002924;3173600;15;2
INFO:31;1016;101600002924;3173561;17;2
INFO:33;1016;101600002938;10160000036;1;3
INFO:23;1016;101600002938;10160000036;2;2
INFO:29;1017;101700001476;8584996;3;2
INFO:36;1017;101700001476;8584967;2;3
INFO:37;1017;101700001476;8584996;4;2
INFO:19;1016;101600002937;;2;352
INFO:38;1017;101700001476;8585024;5;2
INFO:28;1017;101700001476;8585024;6;2
INFO:27;1016;101600002924;3173561;18;2
INFO:34;1017;101700001476;8584967;1;3
INFO:30;1017;101700001476;8585052;7;2
INFO:43;1017;101700001476;8585052;8;2
INFO:32;1019;101900006686;10190000207;1;3
INFO:40;1019;101900006686;10190000207;2;2
INFO:46;1019;101900006686;10190000411;3;2
INFO:54;1035;103500001232;10350000029;2;2
INFO:39;1019;101900006686;10190000411;4;2
INFO:35;1034;103400000730;10340000003;2;2
INFO:17;1016;101600002937;;1;1331
INFO:52;1035;103500001232;10350000029;1;3
INFO:42;1034;103400000730;10340000003;1;3
INFO:48;1034;103400000757;10340000057;1;3
INFO:56;1034;103400000757;10340000057;2;2
INFO:45;1033;103300000600;35137001647;1;2
INFO:53;1033;103300000600;35137001647;2;2
INFO:60;1020;102000000650;10200000024;2;2
INFO:51;1020;102000000650;10200000024;1;3
INFO:41;1020;102000000650;10200000055;3;2
INFO:47;1020;102000000650;10200000067;5;2
INFO:49;1020;102000000650;10200000055;4;2
INFO:55;1020;102000000650;10200000067;6;2
INFO:68;1020;102000000650;10200000051;7;2
INFO:59;1020;102000000650;10200000051;8;2
INFO:65;1020;102000000650;10200000067;9;2
INFO:64;1020;102000000650;10200000067;10;2
INFO:61;1021;102100001167;35129023387;2;3
INFO:69;1021;102100001167;35129023387;1;3
INFO:58;1021;102100001168;10210000011;1;3
INFO:71;1021;102100001168;10210000011;2;2
INFO:50;1021;102100001168;10210000018;7;2
INFO:67;1021;102100001168;10210000017;6;2
INFO:63;1021;102100001168;10210000016;3;2
INFO:72;1021;102100001168;10210000018;8;2
INFO:62;1021;102100001168;10210000016;4;2
INFO:70;1021;102100001168;10210000017;5;2
INFO:66;1021;102100001168;10210000023;9;2
INFO:57;1021;102100001168;10210000023;10;2
INFO:73;1021;102100001168;10210000024;12;2
INFO:74;1021;102100001168;10210000024;11;2
INFO:83;1021;102100001168;10210000259;14;2
INFO:81;1021;102100001168;10210000259;13;2
INFO:44;1021;102100001168;10210000277;15;2
INFO:80;1021;102100001168;10210000279;17;2
INFO:78;1021;102100001168;10210000280;19;2
INFO:75;1021;102100001168;10210000279;18;2
INFO:79;1021;102100001168;10210000277;16;2
INFO:77;1021;102100001168;10210000280;20;2
INFO:89;1021;102100001168;10210000285;22;2
INFO:84;1021;102100001168;10210000285;21;2
INFO:87;1021;102100001168;10210000291;24;2
INFO:82;1021;102100001168;10210000291;23;2
INFO:92;1021;102100001168;10210000293;26;2
INFO:97;1021;102100001168;10210000294;27;2
INFO:76;1021;102100001168;10210000293;25;2
INFO:96;1021;102100001168;10210000294;28;2
INFO:86;1021;102100001168;10210000296;29;2
INFO:95;1021;102100001168;10210000296;30;2
INFO:2;1021;102100001168;10210000298;31;2
INFO:98;1021;102100001168;10210000299;33;2
INFO:91;1021;102100001168;10210000298;32;2
INFO:1;1021;102100001168;10210000299;34;2
INFO:93;1021;102100001168;10210000301;35;2
INFO:90;1021;102100001168;10210000301;36;2
INFO:85;1021;102100001168;10210000302;38;2
INFO:88;1021;102100001168;10210000302;37;2
INFO:11;1021;102100001168;10210000306;40;2
INFO:3;1021;102100001168;10210000306;39;2
INFO:8;1021;102100001168;10210000309;42;2
INFO:99;1021;102100001168;10210000309;41;2
INFO:7;1021;102100001168;10210000312;43;2
INFO:94;1021;102100001168;10210000321;45;2
INFO:6;1021;102100001168;10210000321;46;2
INFO:12;1021;102100001168;10210000312;44;2
INFO:15;1021;102100001168;10210000322;47;2
INFO:10;1021;102100001168;10210000322;48;2
INFO:5;1021;102100001168;10210000323;50;2
INFO:0;1022;102200003657;35168025730;4;3
INFO:16;1022;102200003657;35168025730;3;3
INFO:9;1022;102200003657;35168026058;1;2
INFO:14;1021;102100001168;10210000323;49;2
INFO:21;1022;102200003657;35168026058;2;2
INFO:13;1022;102200003658;10220000101;1;3
INFO:4;1022;102200003658;10220000101;2;2
INFO:25;1022;102200003658;10220000211;4;3
INFO:22;1022;102200003658;10220000211;3;3
INFO:26;1022;102200003658;10220000440;6;3
INFO:18;1022;102200003658;10220000440;5;3
INFO:20;1022;102200003658;10220000443;7;3
INFO:24;1022;102200003658;10220000443;8;3
INFO:31;1022;102200003658;10220000444;9;3
INFO:23;1022;102200003658;10220000445;11;3
INFO:29;1022;102200003658;10220000445;12;3
INFO:33;1022;102200003658;10220000444;10;3
INFO:37;1022;102200003658;10220000446;14;3
INFO:36;1022;102200003658;10220000446;13;3
INFO:19;1022;102200003658;10220000449;15;3
INFO:28;1022;102200003658;10220000502;17;2
INFO:27;1022;102200003658;10220000502;18;2
INFO:34;1022;102200003658;10220000530;19;2
INFO:38;1022;102200003658;10220000449;16;3
INFO:30;1022;102200003658;10220000530;20;2
INFO:32;1022;102200003658;10220000540;22;2
INFO:40;1022;102200003658;10220000639;23;2
INFO:46;1022;102200003658;10220000639;24;2
INFO:39;1022;102200003658;10220000743;26;2
INFO:54;1022;102200003658;10220000743;25;2
INFO:43;1022;102200003658;10220000540;21;2
INFO:35;1022;102200003658;10220000849;27;2
INFO:17;1022;102200003658;10220000849;28;2
INFO:52;1022;102200003658;10220000910;29;2
INFO:42;1022;102200003658;10220000910;30;2
INFO:56;1025;102500001606;10250000090;2;2
INFO:53;1025;102500001606;10250000091;4;2
INFO:45;1025;102500001606;10250000091;3;2
INFO:48;1025;102500001606;10250000090;1;3
INFO:60;1027;102700002233;35126008609;1;4
INFO:51;1027;102700002233;35126008609;2;4
INFO:47;1027;102700002233;35126008775;4;2
INFO:41;1027;102700002233;35126008775;3;2
INFO:55;1027;102700002234;10270000041;2;2
INFO:49;1027;102700002234;10270000041;1;3
